/ssd/anaconda3/envs/gnn_g/lib/python3.7/site-packages/tensorflow/python/framework/dtypes.py:516: FutureWarning: Passing (type, 1) or '1type' as a synonym of type is deprecated; in a future version of numpy, it will be understood as (type, (1,)) / '(1,)type'.
  _np_qint8 = np.dtype([("qint8", np.int8, 1)])
/ssd/anaconda3/envs/gnn_g/lib/python3.7/site-packages/tensorflow/python/framework/dtypes.py:517: FutureWarning: Passing (type, 1) or '1type' as a synonym of type is deprecated; in a future version of numpy, it will be understood as (type, (1,)) / '(1,)type'.
  _np_quint8 = np.dtype([("quint8", np.uint8, 1)])
/ssd/anaconda3/envs/gnn_g/lib/python3.7/site-packages/tensorflow/python/framework/dtypes.py:518: FutureWarning: Passing (type, 1) or '1type' as a synonym of type is deprecated; in a future version of numpy, it will be understood as (type, (1,)) / '(1,)type'.
  _np_qint16 = np.dtype([("qint16", np.int16, 1)])
/ssd/anaconda3/envs/gnn_g/lib/python3.7/site-packages/tensorflow/python/framework/dtypes.py:519: FutureWarning: Passing (type, 1) or '1type' as a synonym of type is deprecated; in a future version of numpy, it will be understood as (type, (1,)) / '(1,)type'.
  _np_quint16 = np.dtype([("quint16", np.uint16, 1)])
/ssd/anaconda3/envs/gnn_g/lib/python3.7/site-packages/tensorflow/python/framework/dtypes.py:520: FutureWarning: Passing (type, 1) or '1type' as a synonym of type is deprecated; in a future version of numpy, it will be understood as (type, (1,)) / '(1,)type'.
  _np_qint32 = np.dtype([("qint32", np.int32, 1)])
/ssd/anaconda3/envs/gnn_g/lib/python3.7/site-packages/tensorflow/python/framework/dtypes.py:525: FutureWarning: Passing (type, 1) or '1type' as a synonym of type is deprecated; in a future version of numpy, it will be understood as (type, (1,)) / '(1,)type'.
  np_resource = np.dtype([("resource", np.ubyte, 1)])
/ssd/anaconda3/envs/gnn_g/lib/python3.7/site-packages/tensorboard/compat/tensorflow_stub/dtypes.py:541: FutureWarning: Passing (type, 1) or '1type' as a synonym of type is deprecated; in a future version of numpy, it will be understood as (type, (1,)) / '(1,)type'.
  _np_qint8 = np.dtype([("qint8", np.int8, 1)])
/ssd/anaconda3/envs/gnn_g/lib/python3.7/site-packages/tensorboard/compat/tensorflow_stub/dtypes.py:542: FutureWarning: Passing (type, 1) or '1type' as a synonym of type is deprecated; in a future version of numpy, it will be understood as (type, (1,)) / '(1,)type'.
  _np_quint8 = np.dtype([("quint8", np.uint8, 1)])
/ssd/anaconda3/envs/gnn_g/lib/python3.7/site-packages/tensorboard/compat/tensorflow_stub/dtypes.py:543: FutureWarning: Passing (type, 1) or '1type' as a synonym of type is deprecated; in a future version of numpy, it will be understood as (type, (1,)) / '(1,)type'.
  _np_qint16 = np.dtype([("qint16", np.int16, 1)])
/ssd/anaconda3/envs/gnn_g/lib/python3.7/site-packages/tensorboard/compat/tensorflow_stub/dtypes.py:544: FutureWarning: Passing (type, 1) or '1type' as a synonym of type is deprecated; in a future version of numpy, it will be understood as (type, (1,)) / '(1,)type'.
  _np_quint16 = np.dtype([("quint16", np.uint16, 1)])
/ssd/anaconda3/envs/gnn_g/lib/python3.7/site-packages/tensorboard/compat/tensorflow_stub/dtypes.py:545: FutureWarning: Passing (type, 1) or '1type' as a synonym of type is deprecated; in a future version of numpy, it will be understood as (type, (1,)) / '(1,)type'.
  _np_qint32 = np.dtype([("qint32", np.int32, 1)])
/ssd/anaconda3/envs/gnn_g/lib/python3.7/site-packages/tensorboard/compat/tensorflow_stub/dtypes.py:550: FutureWarning: Passing (type, 1) or '1type' as a synonym of type is deprecated; in a future version of numpy, it will be understood as (type, (1,)) / '(1,)type'.
  np_resource = np.dtype([("resource", np.ubyte, 1)])
1.14.0
Run 2024-04-11-21-31-06_29783 starting with following parameters:
{"num_epochs": 250, "patience": 200, "learning_rate": 0.002, "clamp_gradient_norm": 0.9, "out_layer_dropout_keep_prob": 0.9, "hidden_size": 256, "use_graph": true, "tie_fwd_bkwd": false, "task_ids": [0], "train_file": "train_data/reentrancy/train.json", "valid_file": "tools/reentrancy/results_mainnet/Reentrancy_AutoExtract_fullnodes.json", "num_nodes": 100000, "use_edge_bias": false, "propagation_rounds": 2, "propagation_substeps": 20, "graph_rnn_cell": "gru", "graph_rnn_activation": "relu", "graph_state_dropout_keep_prob": 0.9, "task_sample_ratios": {}}
Run with current seed 9903 
Loading baseline from train_data/reentrancy/train.json
count:  1
count:  2
count:  3
count:  4
count:  5
count:  6
count:  7
count:  8
count:  9
count:  10
count:  11
count:  12
count:  13
count:  14
count:  15
count:  16
count:  17
count:  18
count:  19
count:  20
count:  21
count:  22
count:  23
count:  24
count:  25
count:  26
count:  27
count:  28
count:  29
count:  30
count:  31
count:  32
count:  33
count:  34
count:  35
count:  36
count:  37
count:  38
count:  39
count:  40
count:  41
count:  42
count:  43
count:  44
count:  45
count:  46
count:  47
count:  48
count:  49
count:  50
count:  51
count:  52
count:  53
count:  54
count:  55
count:  56
count:  57
count:  58
count:  59
count:  60
count:  61
count:  62
count:  63
count:  64
count:  65
count:  66
count:  67
count:  68
count:  69
count:  70
count:  71
count:  72
count:  73
count:  74
count:  75
count:  76
count:  77
count:  78
count:  79
count:  80
count:  81
count:  82
count:  83
count:  84
count:  85
count:  86
count:  87
count:  88
count:  89
count:  90
count:  91
count:  92
count:  93
count:  94
count:  95
count:  96
count:  97
count:  98
count:  99
count:  100
count:  101
count:  102
count:  103
count:  104
count:  105
count:  106
count:  107
count:  108
count:  109
count:  110
count:  111
count:  112
count:  113
count:  114
count:  115
count:  116
count:  117
count:  118
count:  119
count:  120
count:  121
count:  122
count:  123
count:  124
count:  125
count:  126
count:  127
count:  128
count:  129
count:  130
count:  131
count:  132
count:  133
count:  134
count:  135
count:  136
count:  137
count:  138
count:  139
count:  140
count:  141
count:  142
count:  143
count:  144
count:  145
count:  146
count:  147
count:  148
count:  149
count:  150
count:  151
count:  152
count:  153
count:  154
count:  155
count:  156
count:  157
count:  158
count:  159
count:  160
count:  161
count:  162
count:  163
count:  164
count:  165
count:  166
count:  167
count:  168
count:  169
count:  170
count:  171
count:  172
count:  173
count:  174
count:  175
count:  176
count:  177
count:  178
count:  179
count:  180
count:  181
count:  182
count:  183
count:  184
count:  185
count:  186
count:  187
count:  188
count:  189
count:  190
count:  191
count:  192
count:  193
count:  194
count:  195
count:  196
count:  197
count:  198
count:  199
count:  200
count:  201
count:  202
count:  203
count:  204
count:  205
count:  206
count:  207
count:  208
count:  209
count:  210
count:  211
count:  212
count:  213
count:  214
count:  215
count:  216
count:  217
count:  218
count:  219
count:  220
count:  221
count:  222
count:  223
count:  224
count:  225
count:  226
count:  227
count:  228
count:  229
count:  230
count:  231
count:  232
count:  233
count:  234
count:  235
count:  236
count:  237
count:  238
count:  239
count:  240
count:  241
count:  242
count:  243
count:  244
count:  245
count:  246
count:  247
count:  248
count:  249
count:  250
count:  251
count:  252
count:  253
count:  254
count:  255
count:  256
count:  257
count:  258
count:  259
count:  260
count:  261
count:  262
count:  263
count:  264
count:  265
count:  266
count:  267
count:  268
count:  269
count:  270
count:  271
count:  272
count:  273
count:  274
count:  275
count:  276
count:  277
count:  278
count:  279
count:  280
count:  281
count:  282
count:  283
count:  284
count:  285
count:  286
count:  287
count:  288
count:  289
count:  290
count:  291
count:  292
count:  293
count:  294
count:  295
count:  296
count:  297
count:  298
count:  299
count:  300
count:  301
count:  302
count:  303
count:  304
count:  305
count:  306
count:  307
count:  308
count:  309
count:  310
count:  311
count:  312
count:  313
count:  314
count:  315
count:  316
count:  317
count:  318
count:  319
count:  320
count:  321
count:  322
count:  323
count:  324
count:  325
count:  326
count:  327
count:  328
count:  329
count:  330
count:  331
count:  332
count:  333
count:  334
count:  335
count:  336
count:  337
count:  338
count:  339
count:  340
count:  341
count:  342
count:  343
count:  344
count:  345
count:  346
count:  347
count:  348
count:  349
count:  350
count:  351
count:  352
count:  353
count:  354
count:  355
count:  356
count:  357
count:  358
count:  359
count:  360
count:  361
count:  362
count:  363
count:  364
count:  365
count:  366
count:  367
count:  368
count:  369
count:  370
count:  371
count:  372
count:  373
count:  374
count:  375
count:  376
count:  377
count:  378
count:  379
count:  380
count:  381
count:  382
count:  383
count:  384
count:  385
count:  386
count:  387
count:  388
count:  389
count:  390
count:  391
count:  392
count:  393
count:  394
count:  395
count:  396
count:  397
count:  398
count:  399
count:  400
count:  401
count:  402
count:  403
count:  404
count:  405
count:  406
count:  407
count:  408
count:  409
count:  410
count:  411
count:  412
count:  413
count:  414
count:  415
count:  416
count:  417
count:  418
count:  419
count:  420
count:  421
count:  422
count:  423
count:  424
count:  425
count:  426
count:  427
count:  428
count:  429
count:  430
count:  431
count:  432
count:  433
count:  434
count:  435
count:  436
count:  437
count:  438
count:  439
count:  440
count:  441
count:  442
count:  443
count:  444
count:  445
count:  446
count:  447
count:  448
count:  449
count:  450
count:  451
count:  452
count:  453
count:  454
count:  455
count:  456
count:  457
count:  458
count:  459
count:  460
count:  461
count:  462
count:  463
count:  464
count:  465
count:  466
count:  467
count:  468
count:  469
count:  470
count:  471
count:  472
count:  473
count:  474
count:  475
count:  476
count:  477
count:  478
count:  479
count:  480
count:  481
count:  482
count:  483
count:  484
count:  485
count:  486
count:  487
count:  488
count:  489
count:  490
count:  491
count:  492
count:  493
count:  494
count:  495
count:  496
count:  497
count:  498
count:  499
count:  500
count:  501
count:  502
count:  503
count:  504
count:  505
count:  506
count:  507
count:  508
count:  509
count:  510
count:  511
count:  512
count:  513
count:  514
count:  515
count:  516
count:  517
count:  518
count:  519
count:  520
count:  521
count:  522
count:  523
count:  524
count:  525
count:  526
count:  527
count:  528
count:  529
count:  530
count:  531
count:  532
count:  533
count:  534
count:  535
count:  536
count:  537
count:  538
count:  539
count:  540
count:  541
count:  542
count:  543
count:  544
count:  545
count:  546
count:  547
count:  548
count:  549
count:  550
count:  551
count:  552
count:  553
count:  554
count:  555
count:  556
count:  557
count:  558
count:  559
count:  560
count:  561
count:  562
count:  563
count:  564
count:  565
count:  566
count:  567
count:  568
count:  569
count:  570
count:  571
count:  572
count:  573
count:  574
count:  575
count:  576
count:  577
count:  578
count:  579
count:  580
count:  581
count:  582
count:  583
count:  584
count:  585
count:  586
count:  587
count:  588
count:  589
count:  590
count:  591
count:  592
count:  593
count:  594
count:  595
count:  596
count:  597
count:  598
count:  599
count:  600
count:  601
count:  602
count:  603
count:  604
count:  605
count:  606
count:  607
count:  608
count:  609
count:  610
count:  611
count:  612
count:  613
count:  614
count:  615
count:  616
count:  617
count:  618
count:  619
count:  620
count:  621
count:  622
count:  623
count:  624
count:  625
count:  626
count:  627
count:  628
count:  629
count:  630
count:  631
count:  632
count:  633
count:  634
count:  635
count:  636
count:  637
count:  638
count:  639
count:  640
count:  641
count:  642
count:  643
count:  644
count:  645
count:  646
count:  647
count:  648
count:  649
count:  650
count:  651
count:  652
count:  653
count:  654
count:  655
count:  656
count:  657
count:  658
count:  659
count:  660
count:  661
count:  662
count:  663
count:  664
count:  665
count:  666
count:  667
count:  668
count:  669
count:  670
count:  671
count:  672
count:  673
count:  674
count:  675
count:  676
count:  677
count:  678
count:  679
count:  680
count:  681
count:  682
count:  683
count:  684
count:  685
count:  686
count:  687
count:  688
count:  689
count:  690
count:  691
count:  692
count:  693
count:  694
count:  695
count:  696
count:  697
count:  698
count:  699
count:  700
count:  701
count:  702
count:  703
count:  704
count:  705
count:  706
count:  707
count:  708
count:  709
count:  710
count:  711
count:  712
count:  713
count:  714
count:  715
count:  716
count:  717
count:  718
count:  719
count:  720
count:  721
count:  722
count:  723
count:  724
count:  725
count:  726
count:  727
count:  728
count:  729
count:  730
count:  731
count:  732
count:  733
count:  734
count:  735
count:  736
count:  737
count:  738
count:  739
count:  740
count:  741
count:  742
count:  743
count:  744
count:  745
count:  746
count:  747
count:  748
count:  749
count:  750
count:  751
count:  752
count:  753
count:  754
count:  755
count:  756
count:  757
count:  758
count:  759
count:  760
count:  761
count:  762
count:  763
count:  764
count:  765
count:  766
count:  767
count:  768
count:  769
count:  770
count:  771
count:  772
count:  773
count:  774
count:  775
count:  776
count:  777
count:  778
count:  779
count:  780
count:  781
count:  782
count:  783
count:  784
count:  785
count:  786
count:  787
count:  788
count:  789
count:  790
count:  791
count:  792
count:  793
count:  794
count:  795
count:  796
count:  797
count:  798
count:  799
count:  800
count:  801
count:  802
count:  803
count:  804
count:  805
count:  806
count:  807
count:  808
count:  809
count:  810
count:  811
count:  812
count:  813
count:  814
count:  815
count:  816
count:  817
count:  818
count:  819
count:  820
count:  821
count:  822
count:  823
count:  824
count:  825
count:  826
count:  827
count:  828
count:  829
count:  830
count:  831
count:  832
count:  833
count:  834
count:  835
count:  836
count:  837
count:  838
count:  839
count:  840
count:  841
count:  842
count:  843
count:  844
count:  845
count:  846
count:  847
count:  848
count:  849
count:  850
count:  851
count:  852
count:  853
count:  854
count:  855
count:  856
count:  857
count:  858
count:  859
count:  860
count:  861
count:  862
count:  863
count:  864
count:  865
count:  866
count:  867
count:  868
count:  869
count:  870
count:  871
count:  872
count:  873
count:  874
count:  875
count:  876
count:  877
count:  878
count:  879
count:  880
count:  881
count:  882
count:  883
count:  884
count:  885
count:  886
count:  887
count:  888
count:  889
count:  890
count:  891
count:  892
count:  893
count:  894
count:  895
count:  896
count:  897
count:  898
count:  899
count:  900
count:  901
count:  902
count:  903
count:  904
count:  905
count:  906
count:  907
count:  908
count:  909
count:  910
count:  911
count:  912
count:  913
count:  914
count:  915
count:  916
count:  917
count:  918
count:  919
count:  920
count:  921
count:  922
count:  923
count:  924
count:  925
count:  926
count:  927
count:  928
count:  929
count:  930
count:  931
count:  932
count:  933
count:  934
count:  935
count:  936
count:  937
count:  938
count:  939
count:  940
count:  941
count:  942
count:  943
count:  944
count:  945
count:  946
count:  947
count:  948
count:  949
count:  950
count:  951
count:  952
count:  953
count:  954
count:  955
count:  956
count:  957
count:  958
count:  959
count:  960
count:  961
count:  962
count:  963
count:  964
count:  965
count:  966
count:  967
count:  968
count:  969
count:  970
count:  971
count:  972
count:  973
count:  974
count:  975
count:  976
count:  977
count:  978
count:  979
count:  980
count:  981
count:  982
count:  983
count:  984
count:  985
count:  986
count:  987
count:  988
count:  989
count:  990
count:  991
count:  992
count:  993
count:  994
count:  995
count:  996
count:  997
count:  998
count:  999
count:  1000
count:  1001
count:  1002
count:  1003
count:  1004
count:  1005
count:  1006
count:  1007
count:  1008
count:  1009
count:  1010
count:  1011
count:  1012
count:  1013
count:  1014
count:  1015
count:  1016
count:  1017
count:  1018
count:  1019
count:  1020
count:  1021
count:  1022
count:  1023
count:  1024
count:  1025
count:  1026
count:  1027
count:  1028
count:  1029
count:  1030
count:  1031
count:  1032
count:  1033
count:  1034
count:  1035
count:  1036
count:  1037
count:  1038
count:  1039
count:  1040
count:  1041
count:  1042
count:  1043
count:  1044
count:  1045
count:  1046
count:  1047
count:  1048
count:  1049
count:  1050
count:  1051
count:  1052
count:  1053
count:  1054
count:  1055
count:  1056
count:  1057
count:  1058
count:  1059
count:  1060
count:  1061
count:  1062
count:  1063
count:  1064
count:  1065
count:  1066
count:  1067
count:  1068
count:  1069
count:  1070
count:  1071
count:  1072
count:  1073
count:  1074
count:  1075
count:  1076
count:  1077
count:  1078
count:  1079
count:  1080
count:  1081
count:  1082
count:  1083
count:  1084
count:  1085
count:  1086
count:  1087
count:  1088
count:  1089
count:  1090
count:  1091
count:  1092
count:  1093
count:  1094
count:  1095
count:  1096
count:  1097
count:  1098
count:  1099
count:  1100
count:  1101
count:  1102
count:  1103
count:  1104
count:  1105
count:  1106
count:  1107
count:  1108
count:  1109
count:  1110
count:  1111
count:  1112
count:  1113
count:  1114
count:  1115
count:  1116
count:  1117
count:  1118
count:  1119
count:  1120
count:  1121
count:  1122
count:  1123
count:  1124
count:  1125
count:  1126
count:  1127
count:  1128
count:  1129
count:  1130
count:  1131
count:  1132
count:  1133
count:  1134
count:  1135
count:  1136
count:  1137
count:  1138
count:  1139
count:  1140
count:  1141
count:  1142
count:  1143
count:  1144
count:  1145
count:  1146
count:  1147
count:  1148
count:  1149
count:  1150
count:  1151
count:  1152
count:  1153
count:  1154
count:  1155
count:  1156
count:  1157
count:  1158
count:  1159
count:  1160
count:  1161
count:  1162
count:  1163
count:  1164
count:  1165
count:  1166
count:  1167
count:  1168
count:  1169
count:  1170
count:  1171
count:  1172
count:  1173
count:  1174
count:  1175
count:  1176
count:  1177
count:  1178
count:  1179
count:  1180
count:  1181
count:  1182
count:  1183
count:  1184
count:  1185
count:  1186
count:  1187
count:  1188
count:  1189
count:  1190
count:  1191
count:  1192
count:  1193
count:  1194
count:  1195
count:  1196
count:  1197
count:  1198
count:  1199
count:  1200
count:  1201
count:  1202
count:  1203
count:  1204
count:  1205
count:  1206
count:  1207
count:  1208
count:  1209
count:  1210
count:  1211
count:  1212
count:  1213
count:  1214
count:  1215
count:  1216
count:  1217
count:  1218
count:  1219
count:  1220
count:  1221
count:  1222
count:  1223
count:  1224
count:  1225
count:  1226
count:  1227
count:  1228
count:  1229
count:  1230
count:  1231
count:  1232
count:  1233
count:  1234
count:  1235
count:  1236
count:  1237
count:  1238
count:  1239
count:  1240
count:  1241
count:  1242
count:  1243
count:  1244
count:  1245
count:  1246
count:  1247
count:  1248
count:  1249
count:  1250
count:  1251
count:  1252
count:  1253
count:  1254
count:  1255
count:  1256
count:  1257
count:  1258
count:  1259
count:  1260
count:  1261
count:  1262
count:  1263
count:  1264
count:  1265
count:  1266
count:  1267
count:  1268
count:  1269
count:  1270
count:  1271
count:  1272
count:  1273
count:  1274
count:  1275
count:  1276
count:  1277
count:  1278
count:  1279
count:  1280
count:  1281
count:  1282
count:  1283
count:  1284
count:  1285
count:  1286
count:  1287
count:  1288
count:  1289
count:  1290
count:  1291
count:  1292
count:  1293
count:  1294
count:  1295
count:  1296
count:  1297
count:  1298
count:  1299
count:  1300
count:  1301
count:  1302
count:  1303
count:  1304
count:  1305
count:  1306
count:  1307
count:  1308
count:  1309
count:  1310
count:  1311
count:  1312
count:  1313
count:  1314
count:  1315
count:  1316
count:  1317
count:  1318
count:  1319
count:  1320
count:  1321
count:  1322
count:  1323
count:  1324
count:  1325
count:  1326
count:  1327
count:  1328
count:  1329
count:  1330
count:  1331
count:  1332
count:  1333
count:  1334
count:  1335
count:  1336
count:  1337
count:  1338
count:  1339
count:  1340
count:  1341
count:  1342
count:  1343
count:  1344
count:  1345
count:  1346
count:  1347
count:  1348
count:  1349
count:  1350
count:  1351
count:  1352
count:  1353
count:  1354
count:  1355
count:  1356
count:  1357
count:  1358
count:  1359
count:  1360
count:  1361
count:  1362
count:  1363
count:  1364
count:  1365
count:  1366
count:  1367
count:  1368
count:  1369
count:  1370
count:  1371
count:  1372
count:  1373
count:  1374
count:  1375
count:  1376
count:  1377
count:  1378
count:  1379
count:  1380
count:  1381
count:  1382
count:  1383
count:  1384
count:  1385
count:  1386
count:  1387
count:  1388
count:  1389
count:  1390
count:  1391
count:  1392
count:  1393
count:  1394
count:  1395
count:  1396
count:  1397
count:  1398
count:  1399
count:  1400
count:  1401
count:  1402
count:  1403
count:  1404
count:  1405
count:  1406
count:  1407
count:  1408
count:  1409
count:  1410
count:  1411
count:  1412
count:  1413
count:  1414
count:  1415
count:  1416
count:  1417
count:  1418
count:  1419
count:  1420
count:  1421
count:  1422
count:  1423
count:  1424
count:  1425
count:  1426
count:  1427
count:  1428
count:  1429
count:  1430
count:  1431
count:  1432
count:  1433
count:  1434
count:  1435
count:  1436
count:  1437
count:  1438
count:  1439
count:  1440
count:  1441
count:  1442
count:  1443
count:  1444
count:  1445
count:  1446
count:  1447
count:  1448
count:  1449
count:  1450
count:  1451
count:  1452
count:  1453
count:  1454
count:  1455
count:  1456
count:  1457
count:  1458
count:  1459
count:  1460
count:  1461
count:  1462
count:  1463
count:  1464
count:  1465
count:  1466
count:  1467
count:  1468
count:  1469
count:  1470
count:  1471
count:  1472
count:  1473
count:  1474
count:  1475
count:  1476
count:  1477
count:  1478
count:  1479
count:  1480
count:  1481
count:  1482
count:  1483
count:  1484
count:  1485
count:  1486
count:  1487
count:  1488
count:  1489
count:  1490
count:  1491
count:  1492
count:  1493
count:  1494
count:  1495
count:  1496
count:  1497
count:  1498
count:  1499
count:  1500
count:  1501
count:  1502
count:  1503
count:  1504
count:  1505
count:  1506
count:  1507
count:  1508
count:  1509
count:  1510
count:  1511
count:  1512
count:  1513
count:  1514
count:  1515
count:  1516
count:  1517
count:  1518
count:  1519
count:  1520
count:  1521
count:  1522
count:  1523
count:  1524
count:  1525
count:  1526
count:  1527
count:  1528
count:  1529
count:  1530
count:  1531
count:  1532
count:  1533
count:  1534
count:  1535
count:  1536
count:  1537
count:  1538
count:  1539
count:  1540
count:  1541
count:  1542
count:  1543
count:  1544
count:  1545
count:  1546
count:  1547
count:  1548
count:  1549
count:  1550
count:  1551
count:  1552
count:  1553
count:  1554
count:  1555
count:  1556
count:  1557
count:  1558
count:  1559
count:  1560
count:  1561
count:  1562
count:  1563
count:  1564
count:  1565
count:  1566
count:  1567
count:  1568
count:  1569
count:  1570
count:  1571
count:  1572
count:  1573
count:  1574
count:  1575
count:  1576
count:  1577
count:  1578
count:  1579
count:  1580
count:  1581
count:  1582
count:  1583
count:  1584
count:  1585
count:  1586
count:  1587
count:  1588
count:  1589
count:  1590
count:  1591
count:  1592
count:  1593
count:  1594
count:  1595
count:  1596
count:  1597
count:  1598
count:  1599
count:  1600
count:  1601
count:  1602
count:  1603
count:  1604
count:  1605
count:  1606
count:  1607
count:  1608
count:  1609
count:  1610
count:  1611
count:  1612
count:  1613
count:  1614
count:  1615
count:  1616
count:  1617
count:  1618
count:  1619
count:  1620
count:  1621
count:  1622
count:  1623
count:  1624
count:  1625
count:  1626
count:  1627
count:  1628
count:  1629
count:  1630
count:  1631
count:  1632
count:  1633
count:  1634
count:  1635
count:  1636
count:  1637
count:  1638
count:  1639
count:  1640
count:  1641
count:  1642
count:  1643
count:  1644
count:  1645
count:  1646
count:  1647
count:  1648
count:  1649
count:  1650
count:  1651
count:  1652
count:  1653
count:  1654
count:  1655
count:  1656
count:  1657
count:  1658
count:  1659
count:  1660
count:  1661
count:  1662
count:  1663
count:  1664
count:  1665
count:  1666
count:  1667
count:  1668
count:  1669
count:  1670
count:  1671
count:  1672
count:  1673
count:  1674
count:  1675
count:  1676
count:  1677
count:  1678
count:  1679
count:  1680
count:  1681
count:  1682
count:  1683
count:  1684
count:  1685
count:  1686
count:  1687
count:  1688
count:  1689
count:  1690
count:  1691
count:  1692
count:  1693
count:  1694
count:  1695
count:  1696
count:  1697
count:  1698
count:  1699
count:  1700
count:  1701
count:  1702
count:  1703
count:  1704
count:  1705
count:  1706
count:  1707
count:  1708
count:  1709
count:  1710
count:  1711
count:  1712
count:  1713
count:  1714
count:  1715
count:  1716
count:  1717
count:  1718
count:  1719
count:  1720
count:  1721
count:  1722
count:  1723
count:  1724
count:  1725
count:  1726
count:  1727
count:  1728
count:  1729
count:  1730
count:  1731
count:  1732
count:  1733
count:  1734
count:  1735
count:  1736
count:  1737
count:  1738
count:  1739
count:  1740
count:  1741
count:  1742
count:  1743
count:  1744
count:  1745
count:  1746
count:  1747
count:  1748
count:  1749
count:  1750
count:  1751
count:  1752
count:  1753
count:  1754
count:  1755
count:  1756
count:  1757
count:  1758
count:  1759
count:  1760
count:  1761
count:  1762
count:  1763
count:  1764
count:  1765
count:  1766
count:  1767
count:  1768
count:  1769
count:  1770
count:  1771
count:  1772
count:  1773
count:  1774
count:  1775
count:  1776
count:  1777
count:  1778
count:  1779
count:  1780
count:  1781
count:  1782
count:  1783
count:  1784
count:  1785
count:  1786
count:  1787
count:  1788
count:  1789
count:  1790
count:  1791
count:  1792
count:  1793
count:  1794
count:  1795
count:  1796
count:  1797
count:  1798
count:  1799
count:  1800
count:  1801
count:  1802
count:  1803
count:  1804
count:  1805
count:  1806
count:  1807
count:  1808
count:  1809
count:  1810
count:  1811
count:  1812
count:  1813
count:  1814
count:  1815
count:  1816
count:  1817
count:  1818
count:  1819
count:  1820
count:  1821
count:  1822
count:  1823
count:  1824
count:  1825
count:  1826
count:  1827
count:  1828
count:  1829
count:  1830
count:  1831
count:  1832
count:  1833
count:  1834
count:  1835
count:  1836
count:  1837
count:  1838
count:  1839
count:  1840
count:  1841
count:  1842
count:  1843
count:  1844
count:  1845
count:  1846
count:  1847
count:  1848
count:  1849
count:  1850
count:  1851
count:  1852
count:  1853
count:  1854
count:  1855
count:  1856
count:  1857
count:  1858
count:  1859
count:  1860
count:  1861
count:  1862
count:  1863
count:  1864
count:  1865
count:  1866
count:  1867
count:  1868
count:  1869
count:  1870
count:  1871
count:  1872
count:  1873
count:  1874
count:  1875
count:  1876
count:  1877
count:  1878
count:  1879
count:  1880
count:  1881
count:  1882
count:  1883
count:  1884
count:  1885
count:  1886
count:  1887
count:  1888
count:  1889
count:  1890
count:  1891
count:  1892
count:  1893
count:  1894
count:  1895
count:  1896
count:  1897
count:  1898
count:  1899
count:  1900
count:  1901
count:  1902
count:  1903
count:  1904
count:  1905
count:  1906
count:  1907
count:  1908
count:  1909
count:  1910
count:  1911
count:  1912
count:  1913
count:  1914
count:  1915
count:  1916
count:  1917
count:  1918
count:  1919
count:  1920
count:  1921
count:  1922
count:  1923
count:  1924
count:  1925
count:  1926
count:  1927
count:  1928
count:  1929
count:  1930
count:  1931
count:  1932
count:  1933
count:  1934
count:  1935
count:  1936
count:  1937
count:  1938
count:  1939
count:  1940
count:  1941
count:  1942
count:  1943
count:  1944
count:  1945
count:  1946
count:  1947
count:  1948
count:  1949
count:  1950
count:  1951
count:  1952
count:  1953
count:  1954
count:  1955
count:  1956
count:  1957
count:  1958
count:  1959
count:  1960
count:  1961
count:  1962
count:  1963
count:  1964
count:  1965
count:  1966
count:  1967
count:  1968
count:  1969
count:  1970
count:  1971
count:  1972
count:  1973
count:  1974
count:  1975
count:  1976
count:  1977
count:  1978
count:  1979
count:  1980
count:  1981
count:  1982
count:  1983
count:  1984
count:  1985
count:  1986
count:  1987
count:  1988
count:  1989
count:  1990
count:  1991
count:  1992
count:  1993
count:  1994
count:  1995
count:  1996
count:  1997
count:  1998
count:  1999
count:  2000
count:  2001
count:  2002
count:  2003
count:  2004
count:  2005
count:  2006
count:  2007
count:  2008
count:  2009
count:  2010
count:  2011
count:  2012
count:  2013
count:  2014
count:  2015
count:  2016
count:  2017
count:  2018
count:  2019
count:  2020
count:  2021
count:  2022
count:  2023
count:  2024
count:  2025
count:  2026
count:  2027
count:  2028
count:  2029
count:  2030
count:  2031
count:  2032
count:  2033
count:  2034
count:  2035
count:  2036
count:  2037
count:  2038
count:  2039
count:  2040
count:  2041
count:  2042
count:  2043
count:  2044
count:  2045
count:  2046
count:  2047
count:  2048
count:  2049
count:  2050
count:  2051
count:  2052
count:  2053
count:  2054
count:  2055
count:  2056
count:  2057
count:  2058
count:  2059
count:  2060
count:  2061
count:  2062
count:  2063
count:  2064
count:  2065
count:  2066
count:  2067
count:  2068
count:  2069
count:  2070
count:  2071
count:  2072
count:  2073
count:  2074
count:  2075
count:  2076
count:  2077
count:  2078
count:  2079
count:  2080
count:  2081
count:  2082
count:  2083
count:  2084
count:  2085
count:  2086
count:  2087
count:  2088
count:  2089
count:  2090
count:  2091
count:  2092
count:  2093
count:  2094
count:  2095
count:  2096
count:  2097
count:  2098
count:  2099
count:  2100
count:  2101
count:  2102
count:  2103
count:  2104
count:  2105
count:  2106
count:  2107
count:  2108
count:  2109
count:  2110
count:  2111
count:  2112
count:  2113
count:  2114
count:  2115
count:  2116
count:  2117
count:  2118
count:  2119
count:  2120
count:  2121
count:  2122
count:  2123
count:  2124
count:  2125
count:  2126
count:  2127
count:  2128
count:  2129
count:  2130
count:  2131
count:  2132
count:  2133
count:  2134
count:  2135
count:  2136
count:  2137
count:  2138
count:  2139
count:  2140
count:  2141
count:  2142
count:  2143
count:  2144
count:  2145
count:  2146
count:  2147
count:  2148
count:  2149
count:  2150
count:  2151
count:  2152
count:  2153
count:  2154
count:  2155
count:  2156
count:  2157
count:  2158
count:  2159
count:  2160
count:  2161
count:  2162
count:  2163
count:  2164
count:  2165
count:  2166
count:  2167
count:  2168
count:  2169
count:  2170
count:  2171
count:  2172
count:  2173
count:  2174
count:  2175
count:  2176
count:  2177
count:  2178
count:  2179
count:  2180
count:  2181
count:  2182
count:  2183
count:  2184
count:  2185
count:  2186
count:  2187
count:  2188
count:  2189
count:  2190
count:  2191
count:  2192
count:  2193
count:  2194
count:  2195
count:  2196
count:  2197
count:  2198
count:  2199
count:  2200
count:  2201
count:  2202
count:  2203
count:  2204
count:  2205
count:  2206
count:  2207
count:  2208
count:  2209
count:  2210
count:  2211
count:  2212
count:  2213
count:  2214
count:  2215
count:  2216
count:  2217
count:  2218
count:  2219
count:  2220
count:  2221
count:  2222
count:  2223
count:  2224
count:  2225
count:  2226
count:  2227
count:  2228
count:  2229
count:  2230
count:  2231
count:  2232
count:  2233
count:  2234
count:  2235
count:  2236
count:  2237
count:  2238
count:  2239
count:  2240
count:  2241
count:  2242
count:  2243
count:  2244
count:  2245
count:  2246
count:  2247
count:  2248
count:  2249
count:  2250
count:  2251
count:  2252
count:  2253
count:  2254
count:  2255
count:  2256
count:  2257
count:  2258
count:  2259
count:  2260
count:  2261
count:  2262
count:  2263
count:  2264
count:  2265
count:  2266
count:  2267
count:  2268
count:  2269
count:  2270
count:  2271
count:  2272
count:  2273
count:  2274
count:  2275
count:  2276
count:  2277
count:  2278
count:  2279
count:  2280
count:  2281
count:  2282
count:  2283
count:  2284
count:  2285
count:  2286
count:  2287
count:  2288
count:  2289
count:  2290
count:  2291
count:  2292
count:  2293
count:  2294
count:  2295
count:  2296
count:  2297
count:  2298
count:  2299
count:  2300
count:  2301
count:  2302
count:  2303
count:  2304
count:  2305
count:  2306
count:  2307
count:  2308
count:  2309
count:  2310
count:  2311
count:  2312
count:  2313
count:  2314
count:  2315
count:  2316
count:  2317
count:  2318
count:  2319
count:  2320
count:  2321
count:  2322
count:  2323
count:  2324
count:  2325
count:  2326
count:  2327
count:  2328
count:  2329
count:  2330
count:  2331
count:  2332
count:  2333
count:  2334
count:  2335
count:  2336
count:  2337
count:  2338
count:  2339
count:  2340
count:  2341
count:  2342
count:  2343
count:  2344
count:  2345
count:  2346
count:  2347
count:  2348
count:  2349
count:  2350
count:  2351
count:  2352
count:  2353
count:  2354
count:  2355
count:  2356
count:  2357
count:  2358
count:  2359
count:  2360
count:  2361
count:  2362
count:  2363
count:  2364
count:  2365
count:  2366
count:  2367
count:  2368
count:  2369
count:  2370
count:  2371
count:  2372
count:  2373
count:  2374
count:  2375
count:  2376
count:  2377
count:  2378
count:  2379
count:  2380
count:  2381
count:  2382
count:  2383
count:  2384
count:  2385
count:  2386
count:  2387
count:  2388
count:  2389
count:  2390
count:  2391
count:  2392
count:  2393
count:  2394
count:  2395
count:  2396
count:  2397
count:  2398
count:  2399
count:  2400
count:  2401
count:  2402
count:  2403
count:  2404
count:  2405
count:  2406
count:  2407
count:  2408
count:  2409
count:  2410
count:  2411
count:  2412
count:  2413
count:  2414
count:  2415
count:  2416
count:  2417
count:  2418
count:  2419
count:  2420
count:  2421
count:  2422
count:  2423
count:  2424
count:  2425
count:  2426
count:  2427
count:  2428
count:  2429
count:  2430
count:  2431
count:  2432
count:  2433
count:  2434
count:  2435
count:  2436
count:  2437
count:  2438
count:  2439
count:  2440
count:  2441
count:  2442
count:  2443
count:  2444
count:  2445
count:  2446
count:  2447
count:  2448
count:  2449
count:  2450
count:  2451
count:  2452
count:  2453
count:  2454
count:  2455
count:  2456
count:  2457
count:  2458
count:  2459
count:  2460
count:  2461
count:  2462
count:  2463
count:  2464
count:  2465
count:  2466
count:  2467
count:  2468
count:  2469
count:  2470
count:  2471
count:  2472
count:  2473
count:  2474
count:  2475
count:  2476
count:  2477
count:  2478
count:  2479
count:  2480
count:  2481
count:  2482
count:  2483
count:  2484
count:  2485
count:  2486
count:  2487
count:  2488
count:  2489
count:  2490
count:  2491
count:  2492
count:  2493
count:  2494
count:  2495
count:  2496
count:  2497
count:  2498
count:  2499
count:  2500
count:  2501
count:  2502
count:  2503
count:  2504
count:  2505
count:  2506
count:  2507
count:  2508
count:  2509
count:  2510
count:  2511
count:  2512
count:  2513
count:  2514
count:  2515
count:  2516
count:  2517
count:  2518
count:  2519
count:  2520
count:  2521
count:  2522
count:  2523
count:  2524
count:  2525
count:  2526
count:  2527
count:  2528
count:  2529
count:  2530
count:  2531
count:  2532
count:  2533
count:  2534
count:  2535
count:  2536
count:  2537
count:  2538
count:  2539
count:  2540
count:  2541
count:  2542
count:  2543
count:  2544
count:  2545
count:  2546
count:  2547
count:  2548
count:  2549
count:  2550
count:  2551
count:  2552
count:  2553
count:  2554
count:  2555
count:  2556
count:  2557
count:  2558
count:  2559
count:  2560
count:  2561
count:  2562
count:  2563
count:  2564
count:  2565
count:  2566
count:  2567
count:  2568
count:  2569
count:  2570
count:  2571
count:  2572
count:  2573
count:  2574
count:  2575
count:  2576
count:  2577
count:  2578
count:  2579
count:  2580
count:  2581
count:  2582
count:  2583
count:  2584
count:  2585
count:  2586
count:  2587
count:  2588
count:  2589
count:  2590
count:  2591
count:  2592
count:  2593
count:  2594
count:  2595
count:  2596
count:  2597
count:  2598
count:  2599
count:  2600
count:  2601
count:  2602
count:  2603
count:  2604
count:  2605
count:  2606
count:  2607
count:  2608
count:  2609
count:  2610
count:  2611
count:  2612
count:  2613
count:  2614
count:  2615
count:  2616
count:  2617
count:  2618
count:  2619
count:  2620
count:  2621
count:  2622
count:  2623
count:  2624
count:  2625
count:  2626
count:  2627
count:  2628
count:  2629
count:  2630
count:  2631
count:  2632
count:  2633
count:  2634
count:  2635
count:  2636
count:  2637
count:  2638
count:  2639
count:  2640
count:  2641
count:  2642
count:  2643
count:  2644
count:  2645
count:  2646
count:  2647
count:  2648
count:  2649
count:  2650
count:  2651
count:  2652
count:  2653
count:  2654
count:  2655
count:  2656
count:  2657
count:  2658
count:  2659
count:  2660
count:  2661
count:  2662
count:  2663
count:  2664
count:  2665
count:  2666
count:  2667
count:  2668
count:  2669
count:  2670
count:  2671
count:  2672
count:  2673
count:  2674
count:  2675
count:  2676
count:  2677
count:  2678
count:  2679
count:  2680
count:  2681
count:  2682
count:  2683
count:  2684
count:  2685
count:  2686
count:  2687
count:  2688
count:  2689
count:  2690
count:  2691
count:  2692
count:  2693
count:  2694
count:  2695
count:  2696
count:  2697
count:  2698
count:  2699
count:  2700
count:  2701
count:  2702
count:  2703
count:  2704
count:  2705
count:  2706
count:  2707
count:  2708
count:  2709
count:  2710
count:  2711
count:  2712
count:  2713
count:  2714
count:  2715
count:  2716
count:  2717
count:  2718
count:  2719
count:  2720
count:  2721
count:  2722
count:  2723
count:  2724
count:  2725
count:  2726
count:  2727
count:  2728
count:  2729
count:  2730
count:  2731
count:  2732
count:  2733
count:  2734
count:  2735
count:  2736
count:  2737
count:  2738
count:  2739
count:  2740
count:  2741
count:  2742
count:  2743
count:  2744
count:  2745
count:  2746
count:  2747
count:  2748
count:  2749
count:  2750
count:  2751
count:  2752
count:  2753
count:  2754
count:  2755
count:  2756
count:  2757
count:  2758
count:  2759
count:  2760
count:  2761
count:  2762
count:  2763
count:  2764
count:  2765
count:  2766
count:  2767
count:  2768
count:  2769
count:  2770
count:  2771
count:  2772
count:  2773
count:  2774
count:  2775
count:  2776
count:  2777
count:  2778
count:  2779
count:  2780
count:  2781
count:  2782
count:  2783
count:  2784
count:  2785
count:  2786
count:  2787
count:  2788
count:  2789
count:  2790
count:  2791
count:  2792
count:  2793
count:  2794
count:  2795
count:  2796
count:  2797
count:  2798
count:  2799
count:  2800
count:  2801
count:  2802
count:  2803
count:  2804
count:  2805
count:  2806
count:  2807
count:  2808
count:  2809
count:  2810
count:  2811
count:  2812
count:  2813
count:  2814
count:  2815
count:  2816
count:  2817
count:  2818
count:  2819
count:  2820
count:  2821
count:  2822
count:  2823
count:  2824
count:  2825
count:  2826
count:  2827
count:  2828
count:  2829
count:  2830
count:  2831
count:  2832
count:  2833
count:  2834
count:  2835
count:  2836
count:  2837
count:  2838
count:  2839
count:  2840
count:  2841
count:  2842
count:  2843
count:  2844
count:  2845
count:  2846
count:  2847
count:  2848
count:  2849
count:  2850
count:  2851
count:  2852
count:  2853
count:  2854
count:  2855
count:  2856
count:  2857
count:  2858
count:  2859
count:  2860
count:  2861
count:  2862
count:  2863
count:  2864
count:  2865
count:  2866
count:  2867
count:  2868
count:  2869
count:  2870
count:  2871
count:  2872
count:  2873
count:  2874
count:  2875
count:  2876
count:  2877
count:  2878
count:  2879
count:  2880
count:  2881
count:  2882
count:  2883
count:  2884
count:  2885
count:  2886
count:  2887
count:  2888
count:  2889
count:  2890
count:  2891
count:  2892
count:  2893
count:  2894
count:  2895
count:  2896
count:  2897
count:  2898
count:  2899
count:  2900
count:  2901
count:  2902
count:  2903
count:  2904
count:  2905
count:  2906
count:  2907
count:  2908
count:  2909
count:  2910
count:  2911
count:  2912
count:  2913
count:  2914
count:  2915
count:  2916
count:  2917
count:  2918
count:  2919
count:  2920
count:  2921
count:  2922
count:  2923
count:  2924
count:  2925
count:  2926
count:  2927
count:  2928
count:  2929
count:  2930
count:  2931
count:  2932
count:  2933
count:  2934
count:  2935
count:  2936
count:  2937
count:  2938
count:  2939
count:  2940
count:  2941
count:  2942
count:  2943
count:  2944
count:  2945
count:  2946
count:  2947
count:  2948
count:  2949
count:  2950
count:  2951
count:  2952
count:  2953
count:  2954
count:  2955
count:  2956
count:  2957
count:  2958
count:  2959
count:  2960
count:  2961
count:  2962
count:  2963
count:  2964
count:  2965
count:  2966
count:  2967
count:  2968
count:  2969
count:  2970
count:  2971
count:  2972
count:  2973
count:  2974
count:  2975
count:  2976
count:  2977
count:  2978
count:  2979
count:  2980
count:  2981
count:  2982
count:  2983
count:  2984
count:  2985
count:  2986
count:  2987
count:  2988
count:  2989
count:  2990
count:  2991
count:  2992
count:  2993
count:  2994
count:  2995
count:  2996
count:  2997
count:  2998
count:  2999
count:  3000
count:  3001
count:  3002
count:  3003
count:  3004
count:  3005
count:  3006
count:  3007
count:  3008
count:  3009
count:  3010
count:  3011
count:  3012
count:  3013
count:  3014
count:  3015
count:  3016
count:  3017
count:  3018
count:  3019
count:  3020
count:  3021
count:  3022
count:  3023
count:  3024
count:  3025
count:  3026
count:  3027
count:  3028
count:  3029
count:  3030
count:  3031
count:  3032
count:  3033
count:  3034
count:  3035
count:  3036
count:  3037
count:  3038
count:  3039
count:  3040
count:  3041
count:  3042
count:  3043
count:  3044
count:  3045
count:  3046
count:  3047
count:  3048
count:  3049
count:  3050
count:  3051
count:  3052
count:  3053
count:  3054
count:  3055
count:  3056
count:  3057
count:  3058
count:  3059
count:  3060
count:  3061
count:  3062
count:  3063
count:  3064
count:  3065
count:  3066
count:  3067
count:  3068
count:  3069
count:  3070
count:  3071
count:  3072
count:  3073
count:  3074
count:  3075
count:  3076
count:  3077
count:  3078
count:  3079
count:  3080
count:  3081
count:  3082
count:  3083
count:  3084
count:  3085
count:  3086
count:  3087
count:  3088
count:  3089
count:  3090
count:  3091
count:  3092
count:  3093
count:  3094
count:  3095
count:  3096
count:  3097
count:  3098
count:  3099
count:  3100
count:  3101
count:  3102
count:  3103
count:  3104
count:  3105
count:  3106
count:  3107
count:  3108
count:  3109
count:  3110
count:  3111
count:  3112
count:  3113
count:  3114
count:  3115
count:  3116
count:  3117
count:  3118
count:  3119
count:  3120
count:  3121
count:  3122
count:  3123
count:  3124
count:  3125
count:  3126
count:  3127
count:  3128
count:  3129
count:  3130
count:  3131
count:  3132
count:  3133
count:  3134
count:  3135
count:  3136
count:  3137
count:  3138
count:  3139
count:  3140
count:  3141
count:  3142
count:  3143
count:  3144
count:  3145
count:  3146
count:  3147
count:  3148
count:  3149
count:  3150
count:  3151
count:  3152
count:  3153
count:  3154
count:  3155
count:  3156
count:  3157
count:  3158
count:  3159
count:  3160
count:  3161
count:  3162
count:  3163
count:  3164
count:  3165
count:  3166
count:  3167
count:  3168
count:  3169
count:  3170
count:  3171
count:  3172
count:  3173
count:  3174
count:  3175
count:  3176
count:  3177
count:  3178
count:  3179
count:  3180
count:  3181
count:  3182
count:  3183
count:  3184
count:  3185
count:  3186
count:  3187
count:  3188
count:  3189
count:  3190
count:  3191
count:  3192
count:  3193
count:  3194
count:  3195
count:  3196
count:  3197
count:  3198
count:  3199
count:  3200
count:  3201
count:  3202
count:  3203
count:  3204
count:  3205
count:  3206
count:  3207
count:  3208
count:  3209
count:  3210
count:  3211
count:  3212
count:  3213
count:  3214
count:  3215
count:  3216
count:  3217
count:  3218
count:  3219
count:  3220
count:  3221
count:  3222
count:  3223
count:  3224
count:  3225
count:  3226
count:  3227
count:  3228
count:  3229
count:  3230
count:  3231
count:  3232
count:  3233
count:  3234
count:  3235
count:  3236
count:  3237
count:  3238
count:  3239
count:  3240
count:  3241
count:  3242
count:  3243
count:  3244
count:  3245
count:  3246
count:  3247
count:  3248
count:  3249
count:  3250
count:  3251
count:  3252
count:  3253
count:  3254
count:  3255
count:  3256
count:  3257
count:  3258
count:  3259
count:  3260
count:  3261
count:  3262
count:  3263
count:  3264
count:  3265
count:  3266
count:  3267
count:  3268
count:  3269
count:  3270
count:  3271
count:  3272
count:  3273
count:  3274
count:  3275
count:  3276
count:  3277
count:  3278
count:  3279
count:  3280
count:  3281
count:  3282
count:  3283
count:  3284
count:  3285
count:  3286
count:  3287
count:  3288
count:  3289
count:  3290
count:  3291
count:  3292
count:  3293
count:  3294
count:  3295
count:  3296
count:  3297
count:  3298
count:  3299
count:  3300
count:  3301
count:  3302
count:  3303
count:  3304
count:  3305
count:  3306
count:  3307
count:  3308
count:  3309
count:  3310
count:  3311
count:  3312
count:  3313
count:  3314
count:  3315
count:  3316
count:  3317
count:  3318
count:  3319
count:  3320
count:  3321
count:  3322
count:  3323
count:  3324
count:  3325
count:  3326
count:  3327
count:  3328
count:  3329
count:  3330
count:  3331
count:  3332
count:  3333
count:  3334
count:  3335
count:  3336
count:  3337
count:  3338
count:  3339
count:  3340
count:  3341
count:  3342
count:  3343
count:  3344
count:  3345
count:  3346
count:  3347
count:  3348
count:  3349
count:  3350
count:  3351
count:  3352
count:  3353
count:  3354
count:  3355
count:  3356
count:  3357
count:  3358
count:  3359
count:  3360
count:  3361
count:  3362
count:  3363
count:  3364
count:  3365
count:  3366
count:  3367
count:  3368
count:  3369
count:  3370
count:  3371
count:  3372
count:  3373
count:  3374
count:  3375
count:  3376
count:  3377
count:  3378
count:  3379
count:  3380
count:  3381
count:  3382
count:  3383
count:  3384
count:  3385
count:  3386
count:  3387
count:  3388
count:  3389
count:  3390
count:  3391
count:  3392
count:  3393
count:  3394
count:  3395
count:  3396
count:  3397
count:  3398
count:  3399
count:  3400
count:  3401
count:  3402
count:  3403
count:  3404
count:  3405
count:  3406
count:  3407
count:  3408
count:  3409
count:  3410
count:  3411
count:  3412
count:  3413
count:  3414
count:  3415
count:  3416
count:  3417
count:  3418
count:  3419
count:  3420
count:  3421
count:  3422
count:  3423
count:  3424
count:  3425
count:  3426
count:  3427
count:  3428
count:  3429
count:  3430
count:  3431
count:  3432
count:  3433
count:  3434
count:  3435
count:  3436
count:  3437
count:  3438
count:  3439
count:  3440
count:  3441
count:  3442
count:  3443
count:  3444
count:  3445
count:  3446
count:  3447
count:  3448
count:  3449
count:  3450
count:  3451
count:  3452
count:  3453
count:  3454
count:  3455
count:  3456
count:  3457
count:  3458
count:  3459
count:  3460
count:  3461
count:  3462
count:  3463
count:  3464
count:  3465
count:  3466
count:  3467
count:  3468
count:  3469
count:  3470
count:  3471
count:  3472
count:  3473
count:  3474
count:  3475
count:  3476
count:  3477
count:  3478
count:  3479
count:  3480
count:  3481
count:  3482
count:  3483
count:  3484
count:  3485
count:  3486
count:  3487
count:  3488
count:  3489
count:  3490
count:  3491
count:  3492
count:  3493
count:  3494
count:  3495
count:  3496
count:  3497
count:  3498
count:  3499
count:  3500
count:  3501
count:  3502
count:  3503
count:  3504
count:  3505
count:  3506
count:  3507
count:  3508
count:  3509
count:  3510
count:  3511
count:  3512
count:  3513
count:  3514
count:  3515
count:  3516
count:  3517
count:  3518
count:  3519
count:  3520
count:  3521
count:  3522
count:  3523
count:  3524
count:  3525
count:  3526
count:  3527
count:  3528
count:  3529
count:  3530
count:  3531
count:  3532
count:  3533
count:  3534
count:  3535
count:  3536
count:  3537
count:  3538
count:  3539
count:  3540
count:  3541
count:  3542
count:  3543
count:  3544
count:  3545
count:  3546
count:  3547
count:  3548
count:  3549
count:  3550
count:  3551
count:  3552
count:  3553
count:  3554
count:  3555
count:  3556
count:  3557
count:  3558
count:  3559
count:  3560
count:  3561
count:  3562
count:  3563
count:  3564
count:  3565
count:  3566
count:  3567
count:  3568
count:  3569
count:  3570
count:  3571
count:  3572
count:  3573
count:  3574
count:  3575
count:  3576
count:  3577
count:  3578
count:  3579
count:  3580
count:  3581
count:  3582
count:  3583
count:  3584
count:  3585
count:  3586
count:  3587
count:  3588
count:  3589
count:  3590
count:  3591
count:  3592
count:  3593
count:  3594
count:  3595
count:  3596
count:  3597
count:  3598
count:  3599
count:  3600
count:  3601
count:  3602
count:  3603
count:  3604
count:  3605
count:  3606
count:  3607
count:  3608
count:  3609
count:  3610
count:  3611
count:  3612
count:  3613
count:  3614
count:  3615
count:  3616
count:  3617
count:  3618
count:  3619
count:  3620
count:  3621
count:  3622
count:  3623
count:  3624
count:  3625
count:  3626
count:  3627
count:  3628
count:  3629
count:  3630
count:  3631
count:  3632
count:  3633
count:  3634
count:  3635
count:  3636
count:  3637
count:  3638
count:  3639
count:  3640
count:  3641
count:  3642
count:  3643
count:  3644
count:  3645
count:  3646
count:  3647
count:  3648
count:  3649
count:  3650
count:  3651
count:  3652
count:  3653
count:  3654
count:  3655
count:  3656
count:  3657
count:  3658
count:  3659
count:  3660
count:  3661
count:  3662
count:  3663
count:  3664
count:  3665
count:  3666
count:  3667
count:  3668
count:  3669
count:  3670
count:  3671
count:  3672
count:  3673
count:  3674
count:  3675
count:  3676
count:  3677
count:  3678
count:  3679
count:  3680
count:  3681
count:  3682
count:  3683
count:  3684
count:  3685
count:  3686
count:  3687
count:  3688
count:  3689
count:  3690
count:  3691
count:  3692
count:  3693
count:  3694
count:  3695
count:  3696
count:  3697
count:  3698
count:  3699
count:  3700
count:  3701
count:  3702
count:  3703
count:  3704
count:  3705
count:  3706
count:  3707
count:  3708
count:  3709
count:  3710
count:  3711
count:  3712
count:  3713
count:  3714
count:  3715
count:  3716
count:  3717
count:  3718
count:  3719
count:  3720
count:  3721
count:  3722
count:  3723
count:  3724
count:  3725
count:  3726
count:  3727
count:  3728
count:  3729
count:  3730
count:  3731
count:  3732
count:  3733
count:  3734
count:  3735
count:  3736
count:  3737
count:  3738
count:  3739
count:  3740
count:  3741
count:  3742
count:  3743
count:  3744
count:  3745
count:  3746
count:  3747
count:  3748
count:  3749
count:  3750
count:  3751
count:  3752
count:  3753
count:  3754
count:  3755
count:  3756
count:  3757
count:  3758
count:  3759
count:  3760
count:  3761
count:  3762
count:  3763
count:  3764
count:  3765
count:  3766
count:  3767
count:  3768
count:  3769
count:  3770
count:  3771
count:  3772
count:  3773
count:  3774
count:  3775
count:  3776
count:  3777
count:  3778
count:  3779
count:  3780
count:  3781
count:  3782
count:  3783
count:  3784
count:  3785
count:  3786
count:  3787
count:  3788
count:  3789
count:  3790
count:  3791
count:  3792
count:  3793
count:  3794
count:  3795
count:  3796
count:  3797
count:  3798
count:  3799
count:  3800
count:  3801
count:  3802
count:  3803
count:  3804
count:  3805
count:  3806
count:  3807
count:  3808
count:  3809
count:  3810
count:  3811
count:  3812
count:  3813
count:  3814
count:  3815
count:  3816
count:  3817
count:  3818
count:  3819
count:  3820
count:  3821
count:  3822
count:  3823
count:  3824
count:  3825
count:  3826
count:  3827
count:  3828
count:  3829
count:  3830
count:  3831
count:  3832
count:  3833
count:  3834
count:  3835
count:  3836
count:  3837
count:  3838
count:  3839
count:  3840
count:  3841
count:  3842
count:  3843
count:  3844
count:  3845
count:  3846
count:  3847
count:  3848
count:  3849
count:  3850
count:  3851
count:  3852
count:  3853
count:  3854
count:  3855
count:  3856
count:  3857
count:  3858
count:  3859
count:  3860
count:  3861
count:  3862
count:  3863
count:  3864
count:  3865
count:  3866
count:  3867
count:  3868
count:  3869
count:  3870
count:  3871
count:  3872
count:  3873
count:  3874
count:  3875
count:  3876
count:  3877
count:  3878
count:  3879
count:  3880
count:  3881
count:  3882
count:  3883
count:  3884
count:  3885
count:  3886
count:  3887
count:  3888
count:  3889
count:  3890
count:  3891
count:  3892
count:  3893
count:  3894
count:  3895
count:  3896
count:  3897
count:  3898
count:  3899
count:  3900
count:  3901
count:  3902
count:  3903
count:  3904
count:  3905
count:  3906
count:  3907
count:  3908
count:  3909
count:  3910
count:  3911
count:  3912
count:  3913
count:  3914
count:  3915
count:  3916
count:  3917
count:  3918
count:  3919
count:  3920
count:  3921
count:  3922
count:  3923
count:  3924
count:  3925
count:  3926
count:  3927
count:  3928
count:  3929
count:  3930
count:  3931
count:  3932
count:  3933
count:  3934
count:  3935
count:  3936
count:  3937
count:  3938
count:  3939
count:  3940
count:  3941
count:  3942
count:  3943
count:  3944
count:  3945
count:  3946
count:  3947
count:  3948
count:  3949
count:  3950
count:  3951
count:  3952
count:  3953
count:  3954
count:  3955
count:  3956
count:  3957
count:  3958
count:  3959
count:  3960
count:  3961
count:  3962
count:  3963
count:  3964
count:  3965
count:  3966
count:  3967
count:  3968
count:  3969
count:  3970
count:  3971
count:  3972
count:  3973
count:  3974
count:  3975
count:  3976
count:  3977
count:  3978
count:  3979
count:  3980
count:  3981
count:  3982
count:  3983
count:  3984
count:  3985
count:  3986
count:  3987
count:  3988
count:  3989
count:  3990
count:  3991
count:  3992
count:  3993
count:  3994
count:  3995
count:  3996
count:  3997
count:  3998
count:  3999
count:  4000
count:  4001
count:  4002
count:  4003
count:  4004
count:  4005
count:  4006
count:  4007
count:  4008
count:  4009
count:  4010
count:  4011
count:  4012
count:  4013
count:  4014
count:  4015
count:  4016
count:  4017
count:  4018
count:  4019
count:  4020
count:  4021
count:  4022
count:  4023
count:  4024
count:  4025
count:  4026
count:  4027
count:  4028
count:  4029
count:  4030
count:  4031
count:  4032
count:  4033
count:  4034
count:  4035
count:  4036
count:  4037
count:  4038
count:  4039
count:  4040
count:  4041
count:  4042
count:  4043
count:  4044
count:  4045
count:  4046
count:  4047
count:  4048
count:  4049
count:  4050
count:  4051
count:  4052
count:  4053
count:  4054
count:  4055
count:  4056
count:  4057
count:  4058
count:  4059
count:  4060
count:  4061
count:  4062
count:  4063
count:  4064
count:  4065
count:  4066
count:  4067
count:  4068
count:  4069
count:  4070
count:  4071
count:  4072
count:  4073
count:  4074
count:  4075
count:  4076
count:  4077
count:  4078
count:  4079
count:  4080
count:  4081
count:  4082
count:  4083
count:  4084
count:  4085
count:  4086
count:  4087
count:  4088
count:  4089
count:  4090
count:  4091
count:  4092
count:  4093
count:  4094
count:  4095
count:  4096
count:  4097
count:  4098
count:  4099
count:  4100
count:  4101
count:  4102
count:  4103
count:  4104
count:  4105
count:  4106
count:  4107
count:  4108
count:  4109
count:  4110
count:  4111
count:  4112
count:  4113
count:  4114
count:  4115
count:  4116
count:  4117
count:  4118
count:  4119
count:  4120
count:  4121
count:  4122
count:  4123
count:  4124
count:  4125
count:  4126
count:  4127
count:  4128
count:  4129
count:  4130
count:  4131
count:  4132
count:  4133
count:  4134
count:  4135
count:  4136
count:  4137
count:  4138
count:  4139
count:  4140
count:  4141
count:  4142
count:  4143
count:  4144
count:  4145
count:  4146
count:  4147
count:  4148
count:  4149
count:  4150
count:  4151
count:  4152
count:  4153
count:  4154
count:  4155
count:  4156
count:  4157
count:  4158
count:  4159
count:  4160
count:  4161
count:  4162
count:  4163
count:  4164
count:  4165
count:  4166
count:  4167
count:  4168
count:  4169
count:  4170
count:  4171
count:  4172
count:  4173
count:  4174
count:  4175
count:  4176
count:  4177
count:  4178
count:  4179
count:  4180
count:  4181
count:  4182
count:  4183
count:  4184
count:  4185
count:  4186
count:  4187
count:  4188
count:  4189
count:  4190
count:  4191
count:  4192
count:  4193
count:  4194
count:  4195
count:  4196
count:  4197
count:  4198
count:  4199
count:  4200
count:  4201
count:  4202
count:  4203
count:  4204
count:  4205
count:  4206
count:  4207
count:  4208
count:  4209
count:  4210
count:  4211
count:  4212
count:  4213
count:  4214
count:  4215
count:  4216
count:  4217
count:  4218
count:  4219
count:  4220
count:  4221
count:  4222
count:  4223
count:  4224
count:  4225
count:  4226
count:  4227
count:  4228
count:  4229
count:  4230
count:  4231
count:  4232
count:  4233
count:  4234
count:  4235
count:  4236
count:  4237
count:  4238
count:  4239
count:  4240
count:  4241
count:  4242
count:  4243
count:  4244
count:  4245
count:  4246
count:  4247
count:  4248
count:  4249
count:  4250
count:  4251
count:  4252
count:  4253
count:  4254
count:  4255
count:  4256
count:  4257
count:  4258
count:  4259
count:  4260
count:  4261
count:  4262
count:  4263
count:  4264
count:  4265
count:  4266
count:  4267
count:  4268
count:  4269
count:  4270
count:  4271
count:  4272
count:  4273
count:  4274
count:  4275
count:  4276
count:  4277
count:  4278
count:  4279
count:  4280
count:  4281
count:  4282
count:  4283
count:  4284
count:  4285
count:  4286
count:  4287
count:  4288
count:  4289
count:  4290
count:  4291
count:  4292
count:  4293
count:  4294
count:  4295
count:  4296
count:  4297
count:  4298
count:  4299
count:  4300
count:  4301
count:  4302
count:  4303
count:  4304
count:  4305
count:  4306
count:  4307
count:  4308
count:  4309
count:  4310
count:  4311
count:  4312
count:  4313
count:  4314
count:  4315
count:  4316
count:  4317
count:  4318
count:  4319
count:  4320
count:  4321
count:  4322
count:  4323
count:  4324
count:  4325
count:  4326
count:  4327
count:  4328
count:  4329
count:  4330
count:  4331
count:  4332
count:  4333
count:  4334
count:  4335
count:  4336
count:  4337
count:  4338
count:  4339
count:  4340
count:  4341
count:  4342
count:  4343
count:  4344
count:  4345
count:  4346
count:  4347
count:  4348
count:  4349
count:  4350
count:  4351
count:  4352
count:  4353
count:  4354
count:  4355
count:  4356
count:  4357
count:  4358
count:  4359
count:  4360
count:  4361
count:  4362
count:  4363
count:  4364
count:  4365
count:  4366
count:  4367
count:  4368
count:  4369
count:  4370
count:  4371
count:  4372
count:  4373
count:  4374
count:  4375
count:  4376
count:  4377
count:  4378
count:  4379
count:  4380
count:  4381
count:  4382
count:  4383
count:  4384
count:  4385
count:  4386
count:  4387
count:  4388
count:  4389
count:  4390
count:  4391
count:  4392
count:  4393
count:  4394
count:  4395
count:  4396
count:  4397
count:  4398
count:  4399
count:  4400
count:  4401
count:  4402
count:  4403
count:  4404
count:  4405
count:  4406
count:  4407
count:  4408
count:  4409
count:  4410
count:  4411
count:  4412
count:  4413
count:  4414
count:  4415
count:  4416
count:  4417
count:  4418
count:  4419
count:  4420
count:  4421
count:  4422
count:  4423
count:  4424
count:  4425
count:  4426
count:  4427
count:  4428
count:  4429
count:  4430
count:  4431
count:  4432
count:  4433
count:  4434
count:  4435
count:  4436
count:  4437
count:  4438
count:  4439
count:  4440
count:  4441
count:  4442
count:  4443
count:  4444
count:  4445
count:  4446
count:  4447
count:  4448
count:  4449
count:  4450
count:  4451
count:  4452
count:  4453
count:  4454
count:  4455
count:  4456
count:  4457
count:  4458
count:  4459
count:  4460
count:  4461
count:  4462
count:  4463
count:  4464
count:  4465
count:  4466
count:  4467
count:  4468
count:  4469
count:  4470
count:  4471
count:  4472
count:  4473
count:  4474
count:  4475
count:  4476
count:  4477
count:  4478
count:  4479
count:  4480
count:  4481
count:  4482
count:  4483
count:  4484
count:  4485
count:  4486
count:  4487
count:  4488
count:  4489
count:  4490
count:  4491
count:  4492
count:  4493
count:  4494
count:  4495
count:  4496
count:  4497
count:  4498
count:  4499
count:  4500
count:  4501
count:  4502
count:  4503
count:  4504
count:  4505
count:  4506
count:  4507
count:  4508
count:  4509
count:  4510
count:  4511
count:  4512
count:  4513
count:  4514
count:  4515
count:  4516
count:  4517
count:  4518
count:  4519
count:  4520
count:  4521
count:  4522
count:  4523
count:  4524
count:  4525
count:  4526
count:  4527
count:  4528
count:  4529
count:  4530
count:  4531
count:  4532
count:  4533
count:  4534
count:  4535
count:  4536
count:  4537
count:  4538
count:  4539
count:  4540
count:  4541
count:  4542
count:  4543
count:  4544
count:  4545
count:  4546
count:  4547
count:  4548
count:  4549
count:  4550
count:  4551
count:  4552
count:  4553
count:  4554
count:  4555
count:  4556
count:  4557
count:  4558
count:  4559
count:  4560
count:  4561
count:  4562
count:  4563
count:  4564
count:  4565
count:  4566
count:  4567
count:  4568
count:  4569
count:  4570
count:  4571
count:  4572
count:  4573
count:  4574
count:  4575
count:  4576
count:  4577
count:  4578
count:  4579
count:  4580
count:  4581
count:  4582
count:  4583
count:  4584
count:  4585
count:  4586
count:  4587
count:  4588
count:  4589
count:  4590
count:  4591
count:  4592
count:  4593
count:  4594
count:  4595
count:  4596
count:  4597
count:  4598
count:  4599
count:  4600
count:  4601
count:  4602
count:  4603
count:  4604
count:  4605
count:  4606
count:  4607
count:  4608
count:  4609
count:  4610
count:  4611
count:  4612
count:  4613
count:  4614
count:  4615
count:  4616
count:  4617
count:  4618
count:  4619
count:  4620
count:  4621
count:  4622
count:  4623
count:  4624
count:  4625
count:  4626
count:  4627
count:  4628
count:  4629
count:  4630
count:  4631
count:  4632
count:  4633
count:  4634
count:  4635
count:  4636
count:  4637
count:  4638
count:  4639
count:  4640
count:  4641
count:  4642
count:  4643
count:  4644
count:  4645
count:  4646
count:  4647
count:  4648
count:  4649
count:  4650
count:  4651
count:  4652
count:  4653
count:  4654
count:  4655
count:  4656
count:  4657
count:  4658
count:  4659
count:  4660
count:  4661
count:  4662
count:  4663
count:  4664
count:  4665
count:  4666
count:  4667
count:  4668
count:  4669
count:  4670
count:  4671
count:  4672
count:  4673
count:  4674
count:  4675
count:  4676
count:  4677
count:  4678
count:  4679
count:  4680
count:  4681
count:  4682
count:  4683
count:  4684
count:  4685
count:  4686
count:  4687
count:  4688
count:  4689
count:  4690
count:  4691
count:  4692
count:  4693
count:  4694
count:  4695
count:  4696
count:  4697
count:  4698
count:  4699
count:  4700
count:  4701
count:  4702
count:  4703
count:  4704
count:  4705
count:  4706
count:  4707
count:  4708
count:  4709
count:  4710
count:  4711
count:  4712
count:  4713
count:  4714
count:  4715
count:  4716
count:  4717
count:  4718
count:  4719
count:  4720
count:  4721
count:  4722
count:  4723
count:  4724
count:  4725
count:  4726
count:  4727
count:  4728
count:  4729
count:  4730
count:  4731
count:  4732
count:  4733
count:  4734
count:  4735
count:  4736
count:  4737
count:  4738
count:  4739
count:  4740
count:  4741
count:  4742
count:  4743
count:  4744
count:  4745
count:  4746
count:  4747
count:  4748
count:  4749
count:  4750
count:  4751
count:  4752
count:  4753
count:  4754
count:  4755
count:  4756
count:  4757
count:  4758
count:  4759
count:  4760
count:  4761
count:  4762
count:  4763
count:  4764
count:  4765
count:  4766
count:  4767
count:  4768
count:  4769
count:  4770
count:  4771
count:  4772
count:  4773
count:  4774
count:  4775
count:  4776
count:  4777
count:  4778
count:  4779
count:  4780
count:  4781
count:  4782
count:  4783
count:  4784
count:  4785
count:  4786
count:  4787
count:  4788
count:  4789
count:  4790
count:  4791
count:  4792
count:  4793
count:  4794
count:  4795
count:  4796
count:  4797
count:  4798
count:  4799
count:  4800
count:  4801
count:  4802
count:  4803
count:  4804
count:  4805
count:  4806
count:  4807
count:  4808
count:  4809
count:  4810
count:  4811
count:  4812
count:  4813
count:  4814
count:  4815
count:  4816
count:  4817
count:  4818
count:  4819
count:  4820
count:  4821
count:  4822
count:  4823
count:  4824
count:  4825
count:  4826
count:  4827
count:  4828
count:  4829
count:  4830
count:  4831
count:  4832
count:  4833
count:  4834
count:  4835
count:  4836
count:  4837
count:  4838
count:  4839
count:  4840
count:  4841
count:  4842
count:  4843
count:  4844
count:  4845
count:  4846
count:  4847
count:  4848
count:  4849
count:  4850
count:  4851
count:  4852
count:  4853
count:  4854
count:  4855
count:  4856
count:  4857
count:  4858
count:  4859
count:  4860
count:  4861
count:  4862
count:  4863
count:  4864
count:  4865
count:  4866
count:  4867
count:  4868
count:  4869
count:  4870
count:  4871
count:  4872
count:  4873
count:  4874
count:  4875
count:  4876
count:  4877
count:  4878
count:  4879
count:  4880
count:  4881
count:  4882
count:  4883
count:  4884
count:  4885
count:  4886
count:  4887
count:  4888
count:  4889
count:  4890
count:  4891
count:  4892
count:  4893
count:  4894
count:  4895
count:  4896
count:  4897
count:  4898
count:  4899
count:  4900
count:  4901
count:  4902
count:  4903
count:  4904
count:  4905
count:  4906
count:  4907
count:  4908
count:  4909
count:  4910
count:  4911
count:  4912
count:  4913
count:  4914
count:  4915
count:  4916
count:  4917
count:  4918
count:  4919
count:  4920
count:  4921
count:  4922
count:  4923
count:  4924
count:  4925
count:  4926
count:  4927
count:  4928
count:  4929
count:  4930
count:  4931
count:  4932
count:  4933
count:  4934
count:  4935
count:  4936
count:  4937
count:  4938
count:  4939
count:  4940
count:  4941
count:  4942
count:  4943
count:  4944
count:  4945
count:  4946
count:  4947
count:  4948
Loading baseline from tools/reentrancy/results_mainnet/Reentrancy_AutoExtract_fullnodes.json
count:  1
count:  2
count:  3
count:  4
count:  5
count:  6
count:  7
count:  8
count:  9
count:  10
count:  11
count:  12
count:  13
count:  14
count:  15
count:  16
count:  17
count:  18
count:  19
count:  20
count:  21
count:  22
count:  23
count:  24
count:  25
count:  26
count:  27
count:  28
count:  29
count:  30
count:  31
count:  32
count:  33
count:  34
count:  35
count:  36
count:  37
count:  38
count:  39
count:  40
count:  41
count:  42
count:  43
count:  44
count:  45
count:  46
count:  47
count:  48
count:  49
count:  50
count:  51
count:  52
count:  53
count:  54
count:  55
count:  56
count:  57
count:  58
WARNING:tensorflow:From /ssd/gcf2/tools/git/GNNSCVulDetector/BasicModel.py:91: The name tf.ConfigProto is deprecated. Please use tf.compat.v1.ConfigProto instead.

WARNING:tensorflow:From /ssd/gcf2/tools/git/GNNSCVulDetector/BasicModel.py:94: The name tf.Session is deprecated. Please use tf.compat.v1.Session instead.

WARNING:tensorflow:From /ssd/gcf2/tools/git/GNNSCVulDetector/BasicModel.py:96: The name tf.set_random_seed is deprecated. Please use tf.compat.v1.set_random_seed instead.

WARNING:tensorflow:From /ssd/gcf2/tools/git/GNNSCVulDetector/BasicModel.py:141: The name tf.placeholder is deprecated. Please use tf.compat.v1.placeholder instead.

WARNING:tensorflow:From /ssd/gcf2/tools/git/GNNSCVulDetector/BasicModel.py:150: The name tf.variable_scope is deprecated. Please use tf.compat.v1.variable_scope instead.

WARNING:tensorflow:From GNNSCModel.py:132: GRUCell.__init__ (from tensorflow.python.ops.rnn_cell_impl) is deprecated and will be removed in a future version.
Instructions for updating:
This class is equivalent as tf.keras.layers.GRUCell, and will be replaced by that in Tensorflow 2.0.
WARNING:tensorflow:From GNNSCModel.py:137: The name tf.nn.rnn_cell.DropoutWrapper is deprecated. Please use tf.compat.v1.nn.rnn_cell.DropoutWrapper instead.

WARNING:tensorflow:From /ssd/anaconda3/envs/gnn_g/lib/python3.7/site-packages/tensorflow/python/ops/init_ops.py:1251: calling VarianceScaling.__init__ (from tensorflow.python.ops.init_ops) with dtype is deprecated and will be removed in a future version.
Instructions for updating:
Call initializer instance with the dtype argument instead of passing it to the constructor
WARNING:tensorflow:From /ssd/anaconda3/envs/gnn_g/lib/python3.7/site-packages/tensorflow/python/ops/rnn_cell_impl.py:564: calling Constant.__init__ (from tensorflow.python.ops.init_ops) with dtype is deprecated and will be removed in a future version.
Instructions for updating:
Call initializer instance with the dtype argument instead of passing it to the constructor
WARNING:tensorflow:From /ssd/anaconda3/envs/gnn_g/lib/python3.7/site-packages/tensorflow/python/ops/rnn_cell_impl.py:574: calling Zeros.__init__ (from tensorflow.python.ops.init_ops) with dtype is deprecated and will be removed in a future version.
Instructions for updating:
Call initializer instance with the dtype argument instead of passing it to the constructor
WARNING:tensorflow:Entity <bound method GRUCell.call of <tensorflow.python.ops.rnn_cell_impl.GRUCell object at 0x7f31b87c4898>> could not be transformed and will be executed as-is. Please report this to the AutgoGraph team. When filing the bug, set the verbosity to 10 (on Linux, `export AUTOGRAPH_VERBOSITY=10`) and attach the full output. Cause: converting <bound method GRUCell.call of <tensorflow.python.ops.rnn_cell_impl.GRUCell object at 0x7f31b87c4898>>: AttributeError: module 'gast' has no attribute 'Str'
WARNING:tensorflow:Entity <bound method GRUCell.call of <tensorflow.python.ops.rnn_cell_impl.GRUCell object at 0x7f31b87c4898>> could not be transformed and will be executed as-is. Please report this to the AutgoGraph team. When filing the bug, set the verbosity to 10 (on Linux, `export AUTOGRAPH_VERBOSITY=10`) and attach the full output. Cause: converting <bound method GRUCell.call of <tensorflow.python.ops.rnn_cell_impl.GRUCell object at 0x7f31b87c4898>>: AttributeError: module 'gast' has no attribute 'Str'
WARNING:tensorflow:From /ssd/gcf2/tools/git/GNNSCVulDetector/utils.py:68: calling dropout (from tensorflow.python.ops.nn_ops) with keep_prob is deprecated and will be removed in a future version.
Instructions for updating:
Please use `rate` instead of `keep_prob`. Rate should be set to `rate = 1 - keep_prob`.
WARNING:tensorflow:From /ssd/anaconda3/envs/gnn_g/lib/python3.7/site-packages/tensorflow/python/ops/nn_impl.py:180: add_dispatch_support.<locals>.wrapper (from tensorflow.python.ops.array_ops) is deprecated and will be removed in a future version.
Instructions for updating:
Use tf.where in 2.0, which has the same broadcast rule as np.where
WARNING:tensorflow:From /ssd/gcf2/tools/git/GNNSCVulDetector/BasicModel.py:186: py_func (from tensorflow.python.ops.script_ops) is deprecated and will be removed in a future version.
Instructions for updating:
tf.py_func is deprecated in TF V2. Instead, there are two
    options available in V2.
    - tf.py_function takes a python function which manipulates tf eager
    tensors instead of numpy arrays. It's easy to convert a tf eager tensor to
    an ndarray (just call tensor.numpy()) but having access to eager tensors
    means `tf.py_function`s can use accelerators such as GPUs as well as
    being differentiable using a gradient tape.
    - tf.numpy_function maintains the semantics of the deprecated tf.py_func
    (it is not differentiable, and manipulates numpy arrays). It drops the
    stateful argument making all functions stateful.
    
WARNING:tensorflow:From /ssd/gcf2/tools/git/GNNSCVulDetector/BasicModel.py:236: The name tf.train.AdamOptimizer is deprecated. Please use tf.compat.v1.train.AdamOptimizer instead.

/ssd/anaconda3/envs/gnn_g/lib/python3.7/site-packages/tensorflow/python/ops/gradients_util.py:93: UserWarning: Converting sparse IndexedSlices to a dense Tensor of unknown shape. This may consume a large amount of memory.
  "Converting sparse IndexedSlices to a dense Tensor of unknown shape. "
== Epoch 1
random seed: 9903
sum: 4948.0
TP 1559.0
FN 42.0
FP 3179.0
TN 168.0
Recall: 1.0
Precision: 0.32376137375831604
F1: 0.4891536831855774
FPR: 0.9991036653518677
Running epoch 1 (training), batch 0 (has 4948 graphs). Loss so far: 0.6897[K Train: loss: 0.68966 | acc: 0:0.35469 | error_ratio: 0:5.33257 | instances/sec: 668.50
7.401949644088745
Traceback (most recent call last):
  File "GNNSCModel.py", line 514, in <module>
    main()
  File "GNNSCModel.py", line 509, in main
    model.train()
  File "/ssd/gcf2/tools/git/GNNSCVulDetector/BasicModel.py", line 370, in train
    self.valid_data, epoch, False)
  File "/ssd/gcf2/tools/git/GNNSCVulDetector/BasicModel.py", line 284, in run_epoch
    self.ops['sigm_sum']], feed_dict=batch_data)
  File "/ssd/anaconda3/envs/gnn_g/lib/python3.7/site-packages/tensorflow/python/client/session.py", line 950, in run
    run_metadata_ptr)
  File "/ssd/anaconda3/envs/gnn_g/lib/python3.7/site-packages/tensorflow/python/client/session.py", line 1149, in _run
    str(subfeed_t.get_shape())))
ValueError: Cannot feed value of shape (174, 59) for Tensor 'graph_model/node_features:0', which has shape '(?, 256)'
